04:02:05 [KestrelRunner] TRACE edu.gatech.kestrel.align.KmerAligner - [JDBG-ADDBASE] consensus_size=21 max_align_score=0.0 align_bot=0.0 gap_con_bot=0.0 max_pot_score=1160.0 continue=true base=C
04:02:05 [KestrelRunner] TRACE edu.gatech.kestrel.align.KmerAligner - [JDBG-ADDBASE] consensus_size=22 max_align_score=0.0 align_bot=0.0 gap_con_bot=0.0 max_pot_score=1160.0 continue=true base=G
04:02:05 [KestrelRunner] TRACE edu.gatech.kestrel.align.KmerAligner - [JDBG-ADDBASE] consensus_size=23 max_align_score=0.0 align_bot=0.0 gap_con_bot=0.0 max_pot_score=1160.0 continue=true base=G
04:02:05 [KestrelRunner] TRACE edu.gatech.kestrel.align.KmerAligner - [JDBG-ADDBASE] consensus_size=24 max_align_score=0.0 align_bot=0.0 gap_con_bot=0.0 max_pot_score=1160.0 continue=true base=C
04:02:05 [KestrelRunner] TRACE edu.gatech.kestrel.align.KmerAligner - [JDBG-ADDBASE] consensus_size=25 max_align_score=0.0 align_bot=0.0 gap_con_bot=0.0 max_pot_score=1160.0 continue=true base=C
04:02:05 [KestrelRunner] TRACE edu.gatech.kestrel.align.KmerAligner - [JDBG-ADDBASE] consensus_size=26 max_align_score=0.0 align_bot=0.0 gap_con_bot=0.0 max_pot_score=1160.0 continue=true base=T
04:02:05 [KestrelRunner] TRACE edu.gatech.kestrel.align.KmerAligner - [JDBG-ADDBASE] consensus_size=27 max_align_score=0.0 align_bot=0.0 gap_con_bot=0.0 max_pot_score=1160.0 continue=true base=G
04:02:05 [KestrelRunner] TRACE edu.gatech.kestrel.align.KmerAligner - [JDBG-ADDBASE] consensus_size=28 max_align_score=0.0 align_bot=0.0 gap_con_bot=0.0 max_pot_score=1160.0 continue=true base=G
04:02:05 [KestrelRunner] TRACE edu.gatech.kestrel.align.KmerAligner - [JDBG-ADDBASE] consensus_size=29 max_align_score=0.0 align_bot=0.0 gap_con_bot=0.0 max_pot_score=1160.0 continue=true base=T
04:02:05 [KestrelRunner] TRACE edu.gatech.kestrel.align.KmerAligner - [JDBG-ADDBASE] consensus_size=30 max_align_score=0.0 align_bot=0.0 gap_con_bot=0.0 max_pot_score=1160.0 continue=true base=G
04:02:05 [KestrelRunner] TRACE edu.gatech.kestrel.align.KmerAligner - [JDBG-ADDBASE] consensus_size=31 max_align_score=0.0 align_bot=0.0 gap_con_bot=0.0 max_pot_score=1160.0 continue=true base=T
04:02:05 [KestrelRunner] TRACE edu.gatech.kestrel.align.KmerAligner - [JDBG-ADDBASE] consensus_size=32 max_align_score=0.0 align_bot=0.0 gap_con_bot=0.0 max_pot_score=1160.0 continue=true base=C
04:02:05 [KestrelRunner] TRACE edu.gatech.kestrel.align.KmerAligner - [JDBG-ADDBASE] consensus_size=33 max_align_score=0.0 align_bot=0.0 gap_con_bot=0.0 max_pot_score=1160.0 continue=true base=C
04:02:05 [KestrelRunner] TRACE edu.gatech.kestrel.align.KmerAligner - [JDBG-ADDBASE] consensus_size=34 max_align_score=0.0 align_bot=0.0 gap_con_bot=0.0 max_pot_score=1160.0 continue=true base=G
04:02:05 [KestrelRunner] TRACE edu.gatech.kestrel.align.KmerAligner - [JDBG-ADDBASE] consensus_size=35 max_align_score=0.0 align_bot=0.0 gap_con_bot=0.0 max_pot_score=1140.0 continue=true base=G
04:02:05 [KestrelRunner] TRACE edu.gatech.kestrel.align.KmerAligner - [JDBG-ADDBASE] consensus_size=36 max_align_score=0.0 align_bot=0.0 gap_con_bot=0.0 max_pot_score=1140.0 continue=true base=G
04:02:05 [KestrelRunner] TRACE edu.gatech.kestrel.align.KmerAligner - [JDBG-ADDBASE] consensus_size=37 max_align_score=0.0 align_bot=0.0 gap_con_bot=0.0 max_pot_score=1120.0 continue=true base=G
04:02:05 [KestrelRunner] TRACE edu.gatech.kestrel.align.KmerAligner - [JDBG-ADDBASE] consensus_size=38 max_align_score=0.0 align_bot=0.0 gap_con_bot=0.0 max_pot_score=1120.0 continue=true base=C
04:02:05 [KestrelRunner] TRACE edu.gatech.kestrel.align.KmerAligner - [JDBG-ADDBASE] consensus_size=39 max_align_score=0.0 align_bot=0.0 gap_con_bot=2.0 max_pot_score=1120.0 continue=true base=C
04:02:05 [KestrelRunner] TRACE edu.gatech.kestrel.align.KmerAligner - [JDBG-ADDBASE] consensus_size=40 max_align_score=0.0 align_bot=0.0 gap_con_bot=16.0 max_pot_score=1120.0 continue=true base=G
04:02:05 [KestrelRunner] TRACE edu.gatech.kestrel.align.KmerAligner - [JDBG-ADDBASE] consensus_size=41 max_align_score=10.0 align_bot=10.0 gap_con_bot=30.0 max_pot_score=1120.0 continue=true base=A
04:02:05 [KestrelRunner] TRACE edu.gatech.kestrel.align.KmerAligner - [JDBG-ADDBASE] consensus_size=42 max_align_score=24.0 align_bot=24.0 gap_con_bot=44.0 max_pot_score=1120.0 continue=true base=G
04:02:05 [KestrelRunner] TRACE edu.gatech.kestrel.align.KmerAligner - [JDBG-ADDBASE] consensus_size=43 max_align_score=38.0 align_bot=38.0 gap_con_bot=58.0 max_pot_score=1120.0 continue=true base=G
04:02:05 [KestrelRunner] TRACE edu.gatech.kestrel.align.KmerAligner - [JDBG-ADDBASE] consensus_size=44 max_align_score=52.0 align_bot=52.0 gap_con_bot=72.0 max_pot_score=1120.0 continue=true base=T
04:02:05 [KestrelRunner] TRACE edu.gatech.kestrel.align.KmerAligner - [JDBG-ADDBASE] consensus_size=45 max_align_score=66.0 align_bot=66.0 gap_con_bot=86.0 max_pot_score=1120.0 continue=true base=G
04:02:05 [KestrelRunner] TRACE edu.gatech.kestrel.align.KmerAligner - [JDBG-ADDBASE] consensus_size=46 max_align_score=80.0 align_bot=80.0 gap_con_bot=100.0 max_pot_score=1120.0 continue=true base=A
04:02:05 [KestrelRunner] TRACE edu.gatech.kestrel.align.KmerAligner - [JDBG-ADDBASE] consensus_size=47 max_align_score=114.0 align_bot=114.0 gap_con_bot=114.0 max_pot_score=1120.0 continue=true base=C
04:02:05 [KestrelRunner] TRACE edu.gatech.kestrel.align.KmerAligner - [JDBG-ADDBASE] consensus_size=48 max_align_score=114.0 align_bot=108.0 gap_con_bot=128.0 max_pot_score=1120.0 continue=true base=A
04:02:05 [KestrelRunner] TRACE edu.gatech.kestrel.align.KmerAligner - [JDBG-ADDBASE] consensus_size=49 max_align_score=142.0 align_bot=142.0 gap_con_bot=142.0 max_pot_score=1120.0 continue=true base=C
04:02:05 [KestrelRunner] TRACE edu.gatech.kestrel.align.KmerAligner - [JDBG-ADDBASE] consensus_size=50 max_align_score=156.0 align_bot=156.0 gap_con_bot=156.0 max_pot_score=1120.0 continue=true base=C
04:02:05 [KestrelRunner] TRACE edu.gatech.kestrel.align.KmerAligner - [JDBG-ADDBASE] consensus_size=51 max_align_score=156.0 align_bot=150.0 gap_con_bot=170.0 max_pot_score=1120.0 continue=true base=G
04:02:05 [KestrelRunner] TRACE edu.gatech.kestrel.align.KmerAligner - [JDBG-ADDBASE] consensus_size=52 max_align_score=164.0 align_bot=164.0 gap_con_bot=184.0 max_pot_score=1120.0 continue=true base=T
04:02:05 [KestrelRunner] TRACE edu.gatech.kestrel.align.KmerAligner - [JDBG-ADDBASE] consensus_size=53 max_align_score=178.0 align_bot=178.0 gap_con_bot=198.0 max_pot_score=1120.0 continue=true base=G
04:02:05 [KestrelRunner] TRACE edu.gatech.kestrel.align.KmerAligner - [JDBG-ADDBASE] consensus_size=54 max_align_score=192.0 align_bot=192.0 gap_con_bot=212.0 max_pot_score=1120.0 continue=true base=G
04:02:05 [KestrelRunner] TRACE edu.gatech.kestrel.align.KmerAligner - [JDBG-ADDBASE] consensus_size=55 max_align_score=206.0 align_bot=206.0 gap_con_bot=226.0 max_pot_score=1120.0 continue=true base=G
04:02:05 [KestrelRunner] TRACE edu.gatech.kestrel.align.KmerAligner - [JDBG-ADDBASE] consensus_size=56 max_align_score=260.0 align_bot=260.0 gap_con_bot=240.0 max_pot_score=1120.0 continue=true base=C
04:02:05 [KestrelRunner] TRACE edu.gatech.kestrel.align.KmerAligner - [JDBG-ADDBASE] consensus_size=57 max_align_score=260.0 align_bot=234.0 gap_con_bot=254.0 max_pot_score=1120.0 continue=true base=T
04:02:05 [KestrelRunner] TRACE edu.gatech.kestrel.align.KmerAligner - [JDBG-ADDBASE] consensus_size=58 max_align_score=260.0 align_bot=248.0 gap_con_bot=268.0 max_pot_score=1120.0 continue=true base=G
04:02:05 [KestrelRunner] TRACE edu.gatech.kestrel.align.KmerAligner - [JDBG-ADDBASE] consensus_size=59 max_align_score=262.0 align_bot=262.0 gap_con_bot=262.0 max_pot_score=1100.0 continue=true base=G
04:02:05 [KestrelRunner] TRACE edu.gatech.kestrel.align.KmerAligner - [JDBG-ADDBASE] consensus_size=60 max_align_score=276.0 align_bot=276.0 gap_con_bot=276.0 max_pot_score=1100.0 continue=true base=G
04:02:05 [KestrelRunner] TRACE edu.gatech.kestrel.align.KmerAligner - [JDBG-ADDBASE] consensus_size=61 max_align_score=290.0 align_bot=290.0 gap_con_bot=290.0 max_pot_score=1100.0 continue=true base=G
04:02:05 [KestrelRunner] TRACE edu.gatech.kestrel.align.KmerAligner - [JDBG-ADDBASE] consensus_size=62 max_align_score=304.0 align_bot=304.0 gap_con_bot=304.0 max_pot_score=1100.0 continue=true base=G
04:02:05 [KestrelRunner] TRACE edu.gatech.kestrel.align.KmerAligner - [JDBG-ADDBASE] consensus_size=63 max_align_score=304.0 align_bot=298.0 gap_con_bot=298.0 max_pot_score=1080.0 continue=true base=G
04:02:05 [KestrelRunner] TRACE edu.gatech.kestrel.align.KmerAligner - [JDBG-ADDBASE] consensus_size=64 max_align_score=312.0 align_bot=312.0 gap_con_bot=312.0 max_pot_score=1080.0 continue=true base=G
04:02:05 [KestrelRunner] TRACE edu.gatech.kestrel.align.KmerAligner - [JDBG-ADDBASE] consensus_size=65 max_align_score=346.0 align_bot=346.0 gap_con_bot=326.0 max_pot_score=1080.0 continue=true base=C
04:02:05 [KestrelRunner] TRACE edu.gatech.kestrel.align.KmerAligner - [JDBG-ADDBASE] consensus_size=66 max_align_score=346.0 align_bot=320.0 gap_con_bot=340.0 max_pot_score=1080.0 continue=true base=G
04:02:05 [KestrelRunner] TRACE edu.gatech.kestrel.align.KmerAligner - [JDBG-ADDBASE] consensus_size=67 max_align_score=346.0 align_bot=334.0 gap_con_bot=354.0 max_pot_score=1080.0 continue=true base=G
04:02:05 [KestrelRunner] TRACE edu.gatech.kestrel.align.KmerAligner - [JDBG-ADDBASE] consensus_size=68 max_align_score=348.0 align_bot=348.0 gap_con_bot=368.0 max_pot_score=1080.0 continue=true base=T
04:02:05 [KestrelRunner] TRACE edu.gatech.kestrel.align.KmerAligner - [JDBG-ADDBASE] consensus_size=69 max_align_score=362.0 align_bot=362.0 gap_con_bot=382.0 max_pot_score=1080.0 continue=true base=G
04:02:05 [KestrelRunner] TRACE edu.gatech.kestrel.align.KmerAligner - [JDBG-ADDBASE] consensus_size=70 max_align_score=376.0 align_bot=376.0 gap_con_bot=396.0 max_pot_score=1080.0 continue=true base=G
04:02:05 [KestrelRunner] TRACE edu.gatech.kestrel.align.KmerAligner - [JDBG-ADDBASE] consensus_size=71 max_align_score=390.0 align_bot=390.0 gap_con_bot=410.0 max_pot_score=1080.0 continue=true base=A
04:02:05 [KestrelRunner] TRACE edu.gatech.kestrel.align.KmerAligner - [JDBG-ADDBASE] consensus_size=72 max_align_score=404.0 align_bot=404.0 gap_con_bot=424.0 max_pot_score=1080.0 continue=true base=G
04:02:05 [KestrelRunner] TRACE edu.gatech.kestrel.align.KmerAligner - [JDBG-ADDBASE] consensus_size=73 max_align_score=438.0 align_bot=438.0 gap_con_bot=438.0 max_pot_score=1080.0 continue=true base=C
04:02:05 [KestrelRunner] TRACE edu.gatech.kestrel.align.KmerAligner - [JDBG-ADDBASE] consensus_size=74 max_align_score=452.0 align_bot=452.0 gap_con_bot=452.0 max_pot_score=1080.0 continue=true base=C
04:02:05 [KestrelRunner] TRACE edu.gatech.kestrel.align.KmerAligner - [JDBG-ADDBASE] consensus_size=75 max_align_score=466.0 align_bot=466.0 gap_con_bot=466.0 max_pot_score=1080.0 continue=true base=C
04:02:05 [KestrelRunner] TRACE edu.gatech.kestrel.align.KmerAligner - [JDBG-ADDBASE] consensus_size=76 max_align_score=466.0 align_bot=460.0 gap_con_bot=480.0 max_pot_score=1080.0 continue=true base=G
04:02:05 [KestrelRunner] TRACE edu.gatech.kestrel.align.KmerAligner - [JDBG-ADDBASE] consensus_size=77 max_align_score=474.0 align_bot=474.0 gap_con_bot=494.0 max_pot_score=1080.0 continue=true base=G
04:02:05 [KestrelRunner] TRACE edu.gatech.kestrel.align.KmerAligner - [JDBG-ADDBASE] consensus_size=78 max_align_score=488.0 align_bot=488.0 gap_con_bot=508.0 max_pot_score=1080.0 continue=true base=G
04:02:05 [KestrelRunner] TRACE edu.gatech.kestrel.align.KmerAligner - [JDBG-ADDBASE] consensus_size=79 max_align_score=502.0 align_bot=502.0 gap_con_bot=522.0 max_pot_score=1080.0 continue=true base=G
04:02:05 [KestrelRunner] TRACE edu.gatech.kestrel.align.KmerAligner - [JDBG-ADDBASE] consensus_size=80 max_align_score=536.0 align_bot=536.0 gap_con_bot=536.0 max_pot_score=1080.0 continue=true base=C
04:02:05 [KestrelRunner] TRACE edu.gatech.kestrel.align.KmerAligner - [JDBG-ADDBASE] consensus_size=81 max_align_score=536.0 align_bot=530.0 gap_con_bot=530.0 max_pot_score=1060.0 continue=true base=T
04:02:05 [KestrelRunner] TRACE edu.gatech.kestrel.align.KmerAligner - [JDBG-ADDBASE] consensus_size=82 max_align_score=536.0 align_bot=524.0 gap_con_bot=544.0 max_pot_score=1060.0 continue=true base=G
04:02:05 [KestrelRunner] TRACE edu.gatech.kestrel.align.KmerAligner - [JDBG-ADDBASE] consensus_size=83 max_align_score=538.0 align_bot=538.0 gap_con_bot=558.0 max_pot_score=1060.0 continue=true base=G
04:02:05 [KestrelRunner] TRACE edu.gatech.kestrel.align.KmerAligner - [JDBG-ADDBASE] consensus_size=84 max_align_score=572.0 align_bot=572.0 gap_con_bot=572.0 max_pot_score=1060.0 continue=true base=C
04:02:05 [KestrelRunner] TRACE edu.gatech.kestrel.align.KmerAligner - [JDBG-ADDBASE] consensus_size=85 max_align_score=572.0 align_bot=566.0 gap_con_bot=566.0 max_pot_score=1040.0 continue=true base=T
04:02:05 [KestrelRunner] TRACE edu.gatech.kestrel.align.KmerAligner - [JDBG-ADDBASE] consensus_size=86 max_align_score=572.0 align_bot=560.0 gap_con_bot=580.0 max_pot_score=1040.0 continue=true base=T
04:02:05 [KestrelRunner] TRACE edu.gatech.kestrel.align.KmerAligner - [JDBG-ADDBASE] consensus_size=87 max_align_score=574.0 align_bot=574.0 gap_con_bot=594.0 max_pot_score=1040.0 continue=true base=G
04:02:05 [KestrelRunner] TRACE edu.gatech.kestrel.align.KmerAligner - [JDBG-ADDBASE] consensus_size=88 max_align_score=588.0 align_bot=588.0 gap_con_bot=588.0 max_pot_score=1020.0 continue=true base=T
04:02:05 [KestrelRunner] TRACE edu.gatech.kestrel.align.KmerAligner - [JDBG-ADDBASE] consensus_size=89 max_align_score=588.0 align_bot=582.0 gap_con_bot=602.0 max_pot_score=1020.0 continue=true base=T
04:02:05 [KestrelRunner] TRACE edu.gatech.kestrel.align.KmerAligner - [JDBG-ADDBASE] consensus_size=90 max_align_score=596.0 align_bot=596.0 gap_con_bot=596.0 max_pot_score=1000.0 continue=true base=G
04:02:05 [KestrelRunner] TRACE edu.gatech.kestrel.align.KmerAligner - [JDBG-ADDBASE] consensus_size=91 max_align_score=610.0 align_bot=610.0 gap_con_bot=610.0 max_pot_score=1000.0 continue=true base=T
04:02:05 [KestrelRunner] TRACE edu.gatech.kestrel.align.KmerAligner - [JDBG-ADDBASE] consensus_size=92 max_align_score=624.0 align_bot=624.0 gap_con_bot=624.0 max_pot_score=1000.0 continue=true base=C
04:02:05 [KestrelRunner] TRACE edu.gatech.kestrel.align.KmerAligner - [JDBG-ADDBASE] consensus_size=93 max_align_score=638.0 align_bot=638.0 gap_con_bot=638.0 max_pot_score=1000.0 continue=true base=C
04:02:05 [KestrelRunner] TRACE edu.gatech.kestrel.align.KmerAligner - [JDBG-ADDBASE] consensus_size=94 max_align_score=638.0 align_bot=632.0 gap_con_bot=652.0 max_pot_score=1000.0 continue=true base=G
04:02:05 [KestrelRunner] TRACE edu.gatech.kestrel.align.KmerAligner - [JDBG-ADDBASE] consensus_size=95 max_align_score=646.0 align_bot=646.0 gap_con_bot=666.0 max_pot_score=1000.0 continue=true base=G
04:02:05 [KestrelRunner] TRACE edu.gatech.kestrel.align.KmerAligner - [JDBG-ADDBASE] consensus_size=96 max_align_score=660.0 align_bot=660.0 gap_con_bot=660.0 max_pot_score=980.0 continue=true base=G
04:02:05 [KestrelRunner] TRACE edu.gatech.kestrel.align.KmerAligner - [JDBG-ADDBASE] consensus_size=97 max_align_score=674.0 align_bot=674.0 gap_con_bot=674.0 max_pot_score=980.0 continue=true base=G
04:02:05 [KestrelRunner] TRACE edu.gatech.kestrel.align.KmerAligner - [JDBG-ADDBASE] consensus_size=98 max_align_score=708.0 align_bot=708.0 gap_con_bot=688.0 max_pot_score=980.0 continue=true base=C
04:02:05 [KestrelRunner] TRACE edu.gatech.kestrel.align.KmerAligner - [JDBG-ADDBASE] consensus_size=99 max_align_score=708.0 align_bot=682.0 gap_con_bot=682.0 max_pot_score=968.0 continue=true base=T
04:02:05 [KestrelRunner] TRACE edu.gatech.kestrel.align.KmerAligner - [JDBG-ADDBASE] consensus_size=100 max_align_score=708.0 align_bot=676.0 gap_con_bot=696.0 max_pot_score=968.0 continue=true base=G
04:02:05 [KestrelRunner] TRACE edu.gatech.kestrel.align.KmerAligner - [JDBG-ADDBASE] consensus_size=101 max_align_score=708.0 align_bot=690.0 gap_con_bot=710.0 max_pot_score=960.0 continue=true base=A
04:02:05 [KestrelRunner] TRACE edu.gatech.kestrel.align.KmerAligner - [JDBG-ADDBASE] consensus_size=102 max_align_score=708.0 align_bot=704.0 gap_con_bot=724.0 max_pot_score=960.0 continue=true base=G
04:02:05 [KestrelRunner] TRACE edu.gatech.kestrel.align.KmerAligner - [JDBG-ADDBASE] consensus_size=103 max_align_score=718.0 align_bot=718.0 gap_con_bot=738.0 max_pot_score=960.0 continue=true base=G
04:02:05 [KestrelRunner] TRACE edu.gatech.kestrel.align.KmerAligner - [JDBG-ADDBASE] consensus_size=104 max_align_score=732.0 align_bot=732.0 gap_con_bot=752.0 max_pot_score=960.0 continue=true base=T
04:02:05 [KestrelRunner] TRACE edu.gatech.kestrel.align.KmerAligner - [JDBG-ADDBASE] consensus_size=105 max_align_score=746.0 align_bot=746.0 gap_con_bot=766.0 max_pot_score=960.0 continue=true base=G
04:02:05 [KestrelRunner] TRACE edu.gatech.kestrel.align.KmerAligner - [JDBG-ADDBASE] consensus_size=106 max_align_score=760.0 align_bot=760.0 gap_con_bot=780.0 max_pot_score=960.0 continue=true base=A
04:02:05 [KestrelRunner] TRACE edu.gatech.kestrel.align.KmerAligner - [JDBG-ADDBASE] consensus_size=107 max_align_score=794.0 align_bot=794.0 gap_con_bot=794.0 max_pot_score=960.0 continue=true base=C
04:02:05 [KestrelRunner] TRACE edu.gatech.kestrel.align.KmerAligner - [JDBG-ADDBASE] consensus_size=108 max_align_score=794.0 align_bot=788.0 gap_con_bot=808.0 max_pot_score=960.0 continue=true base=A
04:02:05 [KestrelRunner] TRACE edu.gatech.kestrel.align.KmerAligner - [JDBG-ADDBASE] consensus_size=109 max_align_score=802.0 align_bot=802.0 gap_con_bot=802.0 max_pot_score=940.0 continue=true base=T
04:02:05 [KestrelRunner] TRACE edu.gatech.kestrel.align.KmerAligner - [JDBG-ADDBASE] consensus_size=110 max_align_score=816.0 align_bot=816.0 gap_con_bot=816.0 max_pot_score=940.0 continue=true base=C
04:02:05 [KestrelRunner] TRACE edu.gatech.kestrel.align.KmerAligner - [JDBG-ADDBASE] consensus_size=111 max_align_score=816.0 align_bot=810.0 gap_con_bot=830.0 max_pot_score=940.0 continue=true base=G
04:02:05 [KestrelRunner] TRACE edu.gatech.kestrel.align.KmerAligner - [JDBG-ADDBASE] consensus_size=112 max_align_score=824.0 align_bot=824.0 gap_con_bot=844.0 max_pot_score=940.0 continue=true base=T
04:02:05 [KestrelRunner] TRACE edu.gatech.kestrel.align.KmerAligner - [JDBG-ADDBASE] consensus_size=113 max_align_score=838.0 align_bot=838.0 gap_con_bot=858.0 max_pot_score=940.0 continue=true base=G
04:02:05 [KestrelRunner] TRACE edu.gatech.kestrel.align.KmerAligner - [JDBG-ADDBASE] consensus_size=114 max_align_score=852.0 align_bot=852.0 gap_con_bot=872.0 max_pot_score=940.0 continue=true base=G
04:02:05 [KestrelRunner] TRACE edu.gatech.kestrel.align.KmerAligner - [JDBG-ADDBASE] consensus_size=115 max_align_score=866.0 align_bot=866.0 gap_con_bot=886.0 max_pot_score=940.0 continue=true base=G
04:02:05 [KestrelRunner] TRACE edu.gatech.kestrel.align.KmerAligner - [JDBG-ADDBASE] consensus_size=116 max_align_score=940.0 align_bot=940.0 gap_con_bot=842.0 max_pot_score=940.0 continue=true base=C
04:02:05 [KestrelRunner] TRACE edu.gatech.kestrel.align.KmerAligner - [JDBG-ADDBASE] consensus_size=117 max_align_score=940.0 align_bot=876.0 gap_con_bot=838.0 max_pot_score=896.0 continue=false base=T
04:02:05 [KestrelRunner] TRACE edu.gatech.kestrel.align.KmerAligner - [JDBG-ADDBASE] consensus_size=81 max_align_score=536.0 align_bot=530.0 gap_con_bot=530.0 max_pot_score=1060.0 continue=true base=G
04:02:05 [KestrelRunner] TRACE edu.gatech.kestrel.align.KmerAligner - [JDBG-ADDBASE] consensus_size=82 max_align_score=544.0 align_bot=544.0 gap_con_bot=544.0 max_pot_score=1060.0 continue=true base=G
04:02:05 [KestrelRunner] TRACE edu.gatech.kestrel.align.KmerAligner - [JDBG-ADDBASE] consensus_size=83 max_align_score=558.0 align_bot=558.0 gap_con_bot=558.0 max_pot_score=1060.0 continue=true base=G
04:02:05 [KestrelRunner] TRACE edu.gatech.kestrel.align.KmerAligner - [JDBG-ADDBASE] consensus_size=84 max_align_score=592.0 align_bot=592.0 gap_con_bot=572.0 max_pot_score=1060.0 continue=true base=C
04:02:05 [KestrelRunner] TRACE edu.gatech.kestrel.align.KmerAligner - [JDBG-ADDBASE] consensus_size=85 max_align_score=592.0 align_bot=586.0 gap_con_bot=586.0 max_pot_score=1060.0 continue=true base=C
04:02:05 [KestrelRunner] TRACE edu.gatech.kestrel.align.KmerAligner - [JDBG-ADDBASE] consensus_size=86 max_align_score=592.0 align_bot=580.0 gap_con_bot=600.0 max_pot_score=1060.0 continue=true base=T
04:02:05 [KestrelRunner] TRACE edu.gatech.kestrel.align.KmerAligner - [JDBG-ADDBASE] consensus_size=87 max_align_score=594.0 align_bot=594.0 gap_con_bot=614.0 max_pot_score=1060.0 continue=true base=G
04:02:05 [KestrelRunner] TRACE edu.gatech.kestrel.align.KmerAligner - [JDBG-ADDBASE] consensus_size=88 max_align_score=608.0 align_bot=608.0 gap_con_bot=608.0 max_pot_score=1040.0 continue=true base=G
04:02:05 [KestrelRunner] TRACE edu.gatech.kestrel.align.KmerAligner - [JDBG-ADDBASE] consensus_size=89 max_align_score=622.0 align_bot=622.0 gap_con_bot=622.0 max_pot_score=1040.0 continue=true base=T
04:02:05 [KestrelRunner] TRACE edu.gatech.kestrel.align.KmerAligner - [JDBG-ADDBASE] consensus_size=90 max_align_score=622.0 align_bot=616.0 gap_con_bot=616.0 max_pot_score=1020.0 continue=true base=G
04:02:05 [KestrelRunner] TRACE edu.gatech.kestrel.align.KmerAligner - [JDBG-ADDBASE] consensus_size=91 max_align_score=630.0 align_bot=630.0 gap_con_bot=630.0 max_pot_score=1020.0 continue=true base=T
04:02:05 [KestrelRunner] TRACE edu.gatech.kestrel.align.KmerAligner - [JDBG-ADDBASE] consensus_size=92 max_align_score=644.0 align_bot=644.0 gap_con_bot=644.0 max_pot_score=1020.0 continue=true base=C
04:02:05 [KestrelRunner] TRACE edu.gatech.kestrel.align.KmerAligner - [JDBG-ADDBASE] consensus_size=93 max_align_score=658.0 align_bot=658.0 gap_con_bot=658.0 max_pot_score=1020.0 continue=true base=C
04:02:05 [KestrelRunner] TRACE edu.gatech.kestrel.align.KmerAligner - [JDBG-ADDBASE] consensus_size=94 max_align_score=658.0 align_bot=652.0 gap_con_bot=672.0 max_pot_score=1020.0 continue=true base=G
04:02:05 [KestrelRunner] TRACE edu.gatech.kestrel.align.KmerAligner - [JDBG-ADDBASE] consensus_size=95 max_align_score=666.0 align_bot=666.0 gap_con_bot=686.0 max_pot_score=1020.0 continue=true base=G
04:02:05 [KestrelRunner] TRACE edu.gatech.kestrel.align.KmerAligner - [JDBG-ADDBASE] consensus_size=96 max_align_score=680.0 align_bot=680.0 gap_con_bot=680.0 max_pot_score=1000.0 continue=true base=G
04:02:05 [KestrelRunner] TRACE edu.gatech.kestrel.align.KmerAligner - [JDBG-ADDBASE] consensus_size=97 max_align_score=694.0 align_bot=694.0 gap_con_bot=694.0 max_pot_score=1000.0 continue=true base=G
04:02:05 [KestrelRunner] TRACE edu.gatech.kestrel.align.KmerAligner - [JDBG-ADDBASE] consensus_size=98 max_align_score=728.0 align_bot=728.0 gap_con_bot=708.0 max_pot_score=1000.0 continue=true base=C
04:02:05 [KestrelRunner] TRACE edu.gatech.kestrel.align.KmerAligner - [JDBG-ADDBASE] consensus_size=99 max_align_score=728.0 align_bot=722.0 gap_con_bot=722.0 max_pot_score=1000.0 continue=true base=C
04:02:05 [KestrelRunner] TRACE edu.gatech.kestrel.align.KmerAligner - [JDBG-ADDBASE] consensus_size=100 max_align_score=728.0 align_bot=716.0 gap_con_bot=736.0 max_pot_score=1000.0 continue=true base=G
04:02:05 [KestrelRunner] TRACE edu.gatech.kestrel.align.KmerAligner - [JDBG-ADDBASE] consensus_size=59 max_align_score=262.0 align_bot=262.0 gap_con_bot=262.0 max_pot_score=1100.0 continue=true base=T
04:02:05 [KestrelRunner] TRACE edu.gatech.kestrel.align.KmerAligner - [JDBG-ADDBASE] consensus_size=60 max_align_score=262.0 align_bot=256.0 gap_con_bot=276.0 max_pot_score=1100.0 continue=true base=G
04:02:05 [KestrelRunner] TRACE edu.gatech.kestrel.align.KmerAligner - [JDBG-ADDBASE] consensus_size=61 max_align_score=270.0 align_bot=270.0 gap_con_bot=290.0 max_pot_score=1100.0 continue=true base=G
04:02:05 [KestrelRunner] TRACE edu.gatech.kestrel.align.KmerAligner - [JDBG-ADDBASE] consensus_size=62 max_align_score=284.0 align_bot=284.0 gap_con_bot=304.0 max_pot_score=1100.0 continue=true base=G
04:02:05 [KestrelRunner] TRACE edu.gatech.kestrel.align.KmerAligner - [JDBG-ADDBASE] consensus_size=63 max_align_score=318.0 align_bot=318.0 gap_con_bot=298.0 max_pot_score=1080.0 continue=true base=G
04:02:05 [KestrelRunner] TRACE edu.gatech.kestrel.align.KmerAligner - [JDBG-ADDBASE] consensus_size=64 max_align_score=318.0 align_bot=312.0 gap_con_bot=312.0 max_pot_score=1080.0 continue=true base=G
04:02:05 [KestrelRunner] TRACE edu.gatech.kestrel.align.KmerAligner - [JDBG-ADDBASE] consensus_size=65 max_align_score=346.0 align_bot=346.0 gap_con_bot=326.0 max_pot_score=1080.0 continue=true base=C
04:02:05 [KestrelRunner] TRACE edu.gatech.kestrel.align.KmerAligner - [JDBG-ADDBASE] consensus_size=66 max_align_score=346.0 align_bot=320.0 gap_con_bot=340.0 max_pot_score=1080.0 continue=true base=G
04:02:05 [KestrelRunner] TRACE edu.gatech.kestrel.align.KmerAligner - [JDBG-ADDBASE] consensus_size=67 max_align_score=346.0 align_bot=334.0 gap_con_bot=354.0 max_pot_score=1080.0 continue=true base=G
04:02:05 [KestrelRunner] TRACE edu.gatech.kestrel.align.KmerAligner - [JDBG-ADDBASE] consensus_size=68 max_align_score=348.0 align_bot=348.0 gap_con_bot=368.0 max_pot_score=1080.0 continue=true base=T
04:02:05 [KestrelRunner] TRACE edu.gatech.kestrel.align.KmerAligner - [JDBG-ADDBASE] consensus_size=69 max_align_score=362.0 align_bot=362.0 gap_con_bot=382.0 max_pot_score=1080.0 continue=true base=G
04:02:05 [KestrelRunner] TRACE edu.gatech.kestrel.align.KmerAligner - [JDBG-ADDBASE] consensus_size=70 max_align_score=376.0 align_bot=376.0 gap_con_bot=396.0 max_pot_score=1080.0 continue=true base=G
04:02:05 [KestrelRunner] TRACE edu.gatech.kestrel.align.KmerAligner - [JDBG-ADDBASE] consensus_size=71 max_align_score=390.0 align_bot=390.0 gap_con_bot=410.0 max_pot_score=1080.0 continue=true base=A
04:02:05 [KestrelRunner] TRACE edu.gatech.kestrel.align.KmerAligner - [JDBG-ADDBASE] consensus_size=72 max_align_score=404.0 align_bot=404.0 gap_con_bot=424.0 max_pot_score=1080.0 continue=true base=G
04:02:05 [KestrelRunner] TRACE edu.gatech.kestrel.align.KmerAligner - [JDBG-ADDBASE] consensus_size=73 max_align_score=438.0 align_bot=438.0 gap_con_bot=438.0 max_pot_score=1080.0 continue=true base=C
04:02:05 [KestrelRunner] TRACE edu.gatech.kestrel.align.KmerAligner - [JDBG-ADDBASE] consensus_size=74 max_align_score=452.0 align_bot=452.0 gap_con_bot=452.0 max_pot_score=1080.0 continue=true base=C
04:02:05 [KestrelRunner] TRACE edu.gatech.kestrel.align.KmerAligner - [JDBG-ADDBASE] consensus_size=75 max_align_score=466.0 align_bot=466.0 gap_con_bot=466.0 max_pot_score=1080.0 continue=true base=C
04:02:05 [KestrelRunner] TRACE edu.gatech.kestrel.align.KmerAligner - [JDBG-ADDBASE] consensus_size=76 max_align_score=466.0 align_bot=460.0 gap_con_bot=480.0 max_pot_score=1080.0 continue=true base=G
04:02:05 [KestrelRunner] TRACE edu.gatech.kestrel.align.KmerAligner - [JDBG-ADDBASE] consensus_size=77 max_align_score=474.0 align_bot=474.0 gap_con_bot=494.0 max_pot_score=1080.0 continue=true base=G
04:02:05 [KestrelRunner] TRACE edu.gatech.kestrel.align.KmerAligner - [JDBG-ADDBASE] consensus_size=78 max_align_score=488.0 align_bot=488.0 gap_con_bot=508.0 max_pot_score=1080.0 continue=true base=G
04:02:05 [KestrelRunner] TRACE edu.gatech.kestrel.align.KmerAligner - [JDBG-ADDBASE] consensus_size=79 max_align_score=502.0 align_bot=502.0 gap_con_bot=522.0 max_pot_score=1080.0 continue=true base=G
04:02:05 [KestrelRunner] TRACE edu.gatech.kestrel.align.KmerAligner - [JDBG-ADDBASE] consensus_size=80 max_align_score=536.0 align_bot=536.0 gap_con_bot=536.0 max_pot_score=1080.0 continue=true base=C
04:02:05 [KestrelRunner] TRACE edu.gatech.kestrel.align.KmerAligner - [JDBG-ADDBASE] consensus_size=81 max_align_score=536.0 align_bot=530.0 gap_con_bot=530.0 max_pot_score=1060.0 continue=true base=G
04:02:05 [KestrelRunner] TRACE edu.gatech.kestrel.align.KmerAligner - [JDBG-ADDBASE] consensus_size=82 max_align_score=544.0 align_bot=544.0 gap_con_bot=544.0 max_pot_score=1060.0 continue=true base=G
04:02:05 [KestrelRunner] TRACE edu.gatech.kestrel.align.KmerAligner - [JDBG-ADDBASE] consensus_size=83 max_align_score=558.0 align_bot=558.0 gap_con_bot=558.0 max_pot_score=1060.0 continue=true base=G
04:02:05 [KestrelRunner] TRACE edu.gatech.kestrel.align.KmerAligner - [JDBG-ADDBASE] consensus_size=84 max_align_score=592.0 align_bot=592.0 gap_con_bot=572.0 max_pot_score=1060.0 continue=true base=C
04:02:05 [KestrelRunner] TRACE edu.gatech.kestrel.align.KmerAligner - [JDBG-ADDBASE] consensus_size=85 max_align_score=592.0 align_bot=586.0 gap_con_bot=586.0 max_pot_score=1060.0 continue=true base=C
04:02:05 [KestrelRunner] TRACE edu.gatech.kestrel.align.KmerAligner - [JDBG-ADDBASE] consensus_size=86 max_align_score=592.0 align_bot=580.0 gap_con_bot=600.0 max_pot_score=1060.0 continue=true base=T
04:02:05 [KestrelRunner] TRACE edu.gatech.kestrel.align.KmerAligner - [JDBG-ADDBASE] consensus_size=87 max_align_score=594.0 align_bot=594.0 gap_con_bot=614.0 max_pot_score=1060.0 continue=true base=G
04:02:05 [KestrelRunner] TRACE edu.gatech.kestrel.align.KmerAligner - [JDBG-ADDBASE] consensus_size=88 max_align_score=608.0 align_bot=608.0 gap_con_bot=608.0 max_pot_score=1040.0 continue=true base=G
04:02:05 [KestrelRunner] TRACE edu.gatech.kestrel.align.KmerAligner - [JDBG-ADDBASE] consensus_size=89 max_align_score=622.0 align_bot=622.0 gap_con_bot=622.0 max_pot_score=1040.0 continue=true base=T
04:02:05 [KestrelRunner] TRACE edu.gatech.kestrel.align.KmerAligner - [JDBG-ADDBASE] consensus_size=90 max_align_score=622.0 align_bot=616.0 gap_con_bot=616.0 max_pot_score=1020.0 continue=true base=G
04:02:05 [KestrelRunner] TRACE edu.gatech.kestrel.align.KmerAligner - [JDBG-ADDBASE] consensus_size=91 max_align_score=630.0 align_bot=630.0 gap_con_bot=630.0 max_pot_score=1020.0 continue=true base=T
04:02:05 [KestrelRunner] TRACE edu.gatech.kestrel.align.KmerAligner - [JDBG-ADDBASE] consensus_size=92 max_align_score=644.0 align_bot=644.0 gap_con_bot=644.0 max_pot_score=1020.0 continue=true base=C
04:02:05 [KestrelRunner] TRACE edu.gatech.kestrel.align.KmerAligner - [JDBG-ADDBASE] consensus_size=93 max_align_score=658.0 align_bot=658.0 gap_con_bot=658.0 max_pot_score=1020.0 continue=true base=C
04:02:05 [KestrelRunner] TRACE edu.gatech.kestrel.align.KmerAligner - [JDBG-ADDBASE] consensus_size=94 max_align_score=658.0 align_bot=652.0 gap_con_bot=672.0 max_pot_score=1020.0 continue=true base=G
04:02:05 [KestrelRunner] TRACE edu.gatech.kestrel.align.KmerAligner - [JDBG-ADDBASE] consensus_size=95 max_align_score=666.0 align_bot=666.0 gap_con_bot=686.0 max_pot_score=1020.0 continue=true base=G
04:02:05 [KestrelRunner] TRACE edu.gatech.kestrel.align.KmerAligner - [JDBG-ADDBASE] consensus_size=96 max_align_score=680.0 align_bot=680.0 gap_con_bot=680.0 max_pot_score=1000.0 continue=true base=G
04:02:05 [KestrelRunner] TRACE edu.gatech.kestrel.align.KmerAligner - [JDBG-ADDBASE] consensus_size=97 max_align_score=694.0 align_bot=694.0 gap_con_bot=694.0 max_pot_score=1000.0 continue=true base=G
04:02:05 [KestrelRunner] TRACE edu.gatech.kestrel.align.KmerAligner - [JDBG-ADDBASE] consensus_size=98 max_align_score=728.0 align_bot=728.0 gap_con_bot=708.0 max_pot_score=1000.0 continue=true base=C
04:02:05 [KestrelRunner] TRACE edu.gatech.kestrel.align.KmerAligner - [JDBG-ADDBASE] consensus_size=99 max_align_score=728.0 align_bot=722.0 gap_con_bot=722.0 max_pot_score=1000.0 continue=true base=C
04:02:05 [KestrelRunner] TRACE edu.gatech.kestrel.align.KmerAligner - [JDBG-ADDBASE] consensus_size=100 max_align_score=728.0 align_bot=716.0 gap_con_bot=736.0 max_pot_score=1000.0 continue=true base=G
04:02:05 [KestrelRunner] TRACE edu.gatech.kestrel.align.KmerAligner - [JDBG-ADDBASE] consensus_size=59 max_align_score=282.0 align_bot=282.0 gap_con_bot=282.0 max_pot_score=1120.0 continue=true base=C
04:02:05 [KestrelRunner] TRACE edu.gatech.kestrel.align.KmerAligner - [JDBG-ADDBASE] consensus_size=60 max_align_score=282.0 align_bot=276.0 gap_con_bot=296.0 max_pot_score=1120.0 continue=true base=G
04:02:05 [KestrelRunner] TRACE edu.gatech.kestrel.align.KmerAligner - [JDBG-ADDBASE] consensus_size=61 max_align_score=290.0 align_bot=290.0 gap_con_bot=310.0 max_pot_score=1120.0 continue=true base=G
04:02:05 [KestrelRunner] TRACE edu.gatech.kestrel.align.KmerAligner - [JDBG-ADDBASE] consensus_size=62 max_align_score=304.0 align_bot=304.0 gap_con_bot=324.0 max_pot_score=1120.0 continue=true base=G
04:02:05 [KestrelRunner] TRACE edu.gatech.kestrel.align.KmerAligner - [JDBG-ADDBASE] consensus_size=63 max_align_score=338.0 align_bot=338.0 gap_con_bot=338.0 max_pot_score=1120.0 continue=true base=C
04:02:05 [KestrelRunner] TRACE edu.gatech.kestrel.align.KmerAligner - [JDBG-ADDBASE] consensus_size=64 max_align_score=338.0 align_bot=332.0 gap_con_bot=352.0 max_pot_score=1120.0 continue=true base=G
04:02:05 [KestrelRunner] TRACE edu.gatech.kestrel.align.KmerAligner - [JDBG-ADDBASE] consensus_size=65 max_align_score=366.0 align_bot=366.0 gap_con_bot=366.0 max_pot_score=1120.0 continue=true base=C
04:02:05 [KestrelRunner] TRACE edu.gatech.kestrel.align.KmerAligner - [JDBG-ADDBASE] consensus_size=66 max_align_score=366.0 align_bot=360.0 gap_con_bot=380.0 max_pot_score=1120.0 continue=true base=G
04:02:05 [KestrelRunner] TRACE edu.gatech.kestrel.align.KmerAligner - [JDBG-ADDBASE] consensus_size=67 max_align_score=374.0 align_bot=374.0 gap_con_bot=394.0 max_pot_score=1120.0 continue=true base=G
04:02:05 [KestrelRunner] TRACE edu.gatech.kestrel.align.KmerAligner - [JDBG-ADDBASE] consensus_size=68 max_align_score=388.0 align_bot=388.0 gap_con_bot=408.0 max_pot_score=1120.0 continue=true base=T
04:02:05 [KestrelRunner] TRACE edu.gatech.kestrel.align.KmerAligner - [JDBG-ADDBASE] consensus_size=69 max_align_score=402.0 align_bot=402.0 gap_con_bot=422.0 max_pot_score=1120.0 continue=true base=G
04:02:05 [KestrelRunner] TRACE edu.gatech.kestrel.align.KmerAligner - [JDBG-ADDBASE] consensus_size=70 max_align_score=416.0 align_bot=416.0 gap_con_bot=436.0 max_pot_score=1120.0 continue=true base=G
04:02:05 [KestrelRunner] TRACE edu.gatech.kestrel.align.KmerAligner - [JDBG-ADDBASE] consensus_size=71 max_align_score=430.0 align_bot=430.0 gap_con_bot=450.0 max_pot_score=1120.0 continue=true base=A
04:02:05 [KestrelRunner] TRACE edu.gatech.kestrel.align.KmerAligner - [JDBG-ADDBASE] consensus_size=72 max_align_score=444.0 align_bot=444.0 gap_con_bot=464.0 max_pot_score=1120.0 continue=true base=G
04:02:05 [KestrelRunner] TRACE edu.gatech.kestrel.align.KmerAligner - [JDBG-ADDBASE] consensus_size=73 max_align_score=478.0 align_bot=478.0 gap_con_bot=478.0 max_pot_score=1120.0 continue=true base=C
04:02:05 [KestrelRunner] TRACE edu.gatech.kestrel.align.KmerAligner - [JDBG-ADDBASE] consensus_size=74 max_align_score=492.0 align_bot=492.0 gap_con_bot=492.0 max_pot_score=1120.0 continue=true base=C
04:02:05 [KestrelRunner] TRACE edu.gatech.kestrel.align.KmerAligner - [JDBG-ADDBASE] consensus_size=75 max_align_score=506.0 align_bot=506.0 gap_con_bot=506.0 max_pot_score=1120.0 continue=true base=C
04:02:05 [KestrelRunner] TRACE edu.gatech.kestrel.align.KmerAligner - [JDBG-ADDBASE] consensus_size=76 max_align_score=506.0 align_bot=500.0 gap_con_bot=520.0 max_pot_score=1120.0 continue=true base=G
04:02:05 [KestrelRunner] TRACE edu.gatech.kestrel.align.KmerAligner - [JDBG-ADDBASE] consensus_size=77 max_align_score=514.0 align_bot=514.0 gap_con_bot=534.0 max_pot_score=1120.0 continue=true base=G
04:02:05 [KestrelRunner] TRACE edu.gatech.kestrel.align.KmerAligner - [JDBG-ADDBASE] consensus_size=78 max_align_score=528.0 align_bot=528.0 gap_con_bot=548.0 max_pot_score=1120.0 continue=true base=G
04:02:05 [KestrelRunner] TRACE edu.gatech.kestrel.align.KmerAligner - [JDBG-ADDBASE] consensus_size=79 max_align_score=542.0 align_bot=542.0 gap_con_bot=562.0 max_pot_score=1120.0 continue=true base=G
04:02:05 [KestrelRunner] TRACE edu.gatech.kestrel.align.KmerAligner - [JDBG-ADDBASE] consensus_size=80 max_align_score=576.0 align_bot=576.0 gap_con_bot=576.0 max_pot_score=1120.0 continue=true base=C
04:02:05 [KestrelRunner] TRACE edu.gatech.kestrel.align.KmerAligner - [JDBG-ADDBASE] consensus_size=81 max_align_score=590.0 align_bot=590.0 gap_con_bot=590.0 max_pot_score=1120.0 continue=true base=C
04:02:05 [KestrelRunner] TRACE edu.gatech.kestrel.align.KmerAligner - [JDBG-ADDBASE] consensus_size=82 max_align_score=590.0 align_bot=584.0 gap_con_bot=604.0 max_pot_score=1120.0 continue=true base=G
04:02:05 [KestrelRunner] TRACE edu.gatech.kestrel.align.KmerAligner - [JDBG-ADDBASE] consensus_size=81 max_align_score=576.0 align_bot=570.0 gap_con_bot=570.0 max_pot_score=1100.0 continue=true base=G
04:02:05 [KestrelRunner] TRACE edu.gatech.kestrel.align.KmerAligner - [JDBG-ADDBASE] consensus_size=82 max_align_score=584.0 align_bot=584.0 gap_con_bot=584.0 max_pot_score=1100.0 continue=true base=G
04:02:05 [KestrelRunner] TRACE edu.gatech.kestrel.align.KmerAligner - [JDBG-ADDBASE] consensus_size=83 max_align_score=598.0 align_bot=598.0 gap_con_bot=598.0 max_pot_score=1100.0 continue=true base=G
04:02:05 [KestrelRunner] TRACE edu.gatech.kestrel.align.KmerAligner - [JDBG-ADDBASE] consensus_size=84 max_align_score=632.0 align_bot=632.0 gap_con_bot=612.0 max_pot_score=1100.0 continue=true base=C
04:02:05 [KestrelRunner] TRACE edu.gatech.kestrel.align.KmerAligner - [JDBG-ADDBASE] consensus_size=85 max_align_score=632.0 align_bot=626.0 gap_con_bot=626.0 max_pot_score=1100.0 continue=true base=C
04:02:05 [KestrelRunner] TRACE edu.gatech.kestrel.align.KmerAligner - [JDBG-ADDBASE] consensus_size=86 max_align_score=632.0 align_bot=620.0 gap_con_bot=640.0 max_pot_score=1100.0 continue=true base=T
04:02:05 [KestrelRunner] TRACE edu.gatech.kestrel.align.KmerAligner - [JDBG-ADDBASE] consensus_size=87 max_align_score=634.0 align_bot=634.0 gap_con_bot=654.0 max_pot_score=1100.0 continue=true base=G
04:02:05 [KestrelRunner] TRACE edu.gatech.kestrel.align.KmerAligner - [JDBG-ADDBASE] consensus_size=88 max_align_score=648.0 align_bot=648.0 gap_con_bot=648.0 max_pot_score=1080.0 continue=true base=G
04:02:05 [KestrelRunner] TRACE edu.gatech.kestrel.align.KmerAligner - [JDBG-ADDBASE] consensus_size=89 max_align_score=662.0 align_bot=662.0 gap_con_bot=662.0 max_pot_score=1080.0 continue=true base=T
04:02:05 [KestrelRunner] TRACE edu.gatech.kestrel.align.KmerAligner - [JDBG-ADDBASE] consensus_size=90 max_align_score=662.0 align_bot=656.0 gap_con_bot=656.0 max_pot_score=1060.0 continue=true base=G
04:02:05 [KestrelRunner] TRACE edu.gatech.kestrel.align.KmerAligner - [JDBG-ADDBASE] consensus_size=91 max_align_score=670.0 align_bot=670.0 gap_con_bot=670.0 max_pot_score=1060.0 continue=true base=T
04:02:05 [KestrelRunner] TRACE edu.gatech.kestrel.align.KmerAligner - [JDBG-ADDBASE] consensus_size=92 max_align_score=684.0 align_bot=684.0 gap_con_bot=684.0 max_pot_score=1060.0 continue=true base=C
04:02:05 [KestrelRunner] TRACE edu.gatech.kestrel.align.KmerAligner - [JDBG-ADDBASE] consensus_size=93 max_align_score=698.0 align_bot=698.0 gap_con_bot=698.0 max_pot_score=1060.0 continue=true base=C
04:02:05 [KestrelRunner] TRACE edu.gatech.kestrel.align.KmerAligner - [JDBG-ADDBASE] consensus_size=94 max_align_score=698.0 align_bot=692.0 gap_con_bot=712.0 max_pot_score=1060.0 continue=true base=G
04:02:05 [KestrelRunner] TRACE edu.gatech.kestrel.align.KmerAligner - [JDBG-ADDBASE] consensus_size=95 max_align_score=706.0 align_bot=706.0 gap_con_bot=726.0 max_pot_score=1060.0 continue=true base=G
04:02:05 [KestrelRunner] TRACE edu.gatech.kestrel.align.KmerAligner - [JDBG-ADDBASE] consensus_size=96 max_align_score=720.0 align_bot=720.0 gap_con_bot=720.0 max_pot_score=1040.0 continue=true base=G
04:02:05 [KestrelRunner] TRACE edu.gatech.kestrel.align.KmerAligner - [JDBG-ADDBASE] consensus_size=97 max_align_score=734.0 align_bot=734.0 gap_con_bot=734.0 max_pot_score=1040.0 continue=true base=G
